Wed Jan 04 2023 15:57:26 GMT+0700 (Indochina Time)|GET|/
Wed Jan 04 2023 15:57:37 GMT+0700 (Indochina Time)|POST|/login
Wed Jan 04 2023 15:57:46 GMT+0700 (Indochina Time)|GET|/
Wed Jan 04 2023 15:57:53 GMT+0700 (Indochina Time)|POST|/login
Wed Jan 04 2023 15:57:58 GMT+0700 (Indochina Time)|POST|/login
Wed Jan 04 2023 15:58:06 GMT+0700 (Indochina Time)|POST|/login
Wed Jan 04 2023 20:49:47 GMT+0700 (Indochina Time)|GET|/
Wed Jan 04 2023 20:49:52 GMT+0700 (Indochina Time)|POST|/login
Wed Jan 04 2023 20:50:16 GMT+0700 (Indochina Time)|GET|/
Wed Jan 04 2023 20:50:18 GMT+0700 (Indochina Time)|GET|/user
Wed Jan 04 2023 20:50:29 GMT+0700 (Indochina Time)|GET|/login
Wed Jan 04 2023 20:50:33 GMT+0700 (Indochina Time)|GET|/
Wed Jan 04 2023 20:50:39 GMT+0700 (Indochina Time)|POST|/login
Wed Jan 04 2023 20:50:39 GMT+0700 (Indochina Time)|GET|/user
Wed Jan 04 2023 20:51:10 GMT+0700 (Indochina Time)|GET|/
Wed Jan 04 2023 20:51:16 GMT+0700 (Indochina Time)|POST|/login
Wed Jan 04 2023 20:51:16 GMT+0700 (Indochina Time)|GET|/user
Wed Jan 04 2023 20:53:27 GMT+0700 (Indochina Time)|GET|/
Wed Jan 04 2023 20:53:31 GMT+0700 (Indochina Time)|POST|/login
Wed Jan 04 2023 20:53:31 GMT+0700 (Indochina Time)|GET|/user
Wed Jan 04 2023 20:55:05 GMT+0700 (Indochina Time)|GET|/user
Wed Jan 04 2023 20:57:39 GMT+0700 (Indochina Time)|GET|/user
Wed Jan 04 2023 20:58:37 GMT+0700 (Indochina Time)|GET|/user
Wed Jan 04 2023 20:58:37 GMT+0700 (Indochina Time)|GET|/user
Wed Jan 04 2023 20:58:39 GMT+0700 (Indochina Time)|GET|/user
Wed Jan 04 2023 20:59:55 GMT+0700 (Indochina Time)|GET|/user
Wed Jan 04 2023 20:59:56 GMT+0700 (Indochina Time)|GET|/user
Wed Jan 04 2023 20:59:56 GMT+0700 (Indochina Time)|GET|/user
Wed Jan 04 2023 20:59:56 GMT+0700 (Indochina Time)|GET|/user
Wed Jan 04 2023 20:59:59 GMT+0700 (Indochina Time)|GET|/
Wed Jan 04 2023 21:00:07 GMT+0700 (Indochina Time)|POST|/login
Wed Jan 04 2023 21:00:07 GMT+0700 (Indochina Time)|GET|/user
Wed Jan 04 2023 21:49:30 GMT+0700 (Indochina Time)|GET|/user
Wed Jan 04 2023 21:49:57 GMT+0700 (Indochina Time)|GET|/user
Wed Jan 04 2023 21:56:36 GMT+0700 (Indochina Time)|GET|/
Wed Jan 04 2023 21:56:40 GMT+0700 (Indochina Time)|GET|/user
Wed Jan 04 2023 21:57:38 GMT+0700 (Indochina Time)|GET|/user
Wed Jan 04 2023 22:01:55 GMT+0700 (Indochina Time)|GET|/user
Wed Jan 04 2023 22:02:37 GMT+0700 (Indochina Time)|GET|/
Wed Jan 04 2023 22:02:59 GMT+0700 (Indochina Time)|POST|/login
Wed Jan 04 2023 22:02:59 GMT+0700 (Indochina Time)|GET|/user
Wed Jan 04 2023 23:22:11 GMT+0700 (Indochina Time)|GET|/status
Wed Jan 04 2023 23:22:43 GMT+0700 (Indochina Time)|GET|/status
Wed Jan 04 2023 23:22:52 GMT+0700 (Indochina Time)|GET|/status
Wed Jan 04 2023 23:23:48 GMT+0700 (Indochina Time)|GET|/status
Wed Jan 04 2023 23:24:06 GMT+0700 (Indochina Time)|POST|/login
Wed Jan 04 2023 23:25:00 GMT+0700 (Indochina Time)|GET|/status
Wed Jan 04 2023 23:25:24 GMT+0700 (Indochina Time)|POST|/login
Wed Jan 04 2023 23:25:35 GMT+0700 (Indochina Time)|POST|/login
Wed Jan 04 2023 23:25:37 GMT+0700 (Indochina Time)|POST|/login
Wed Jan 04 2023 23:25:41 GMT+0700 (Indochina Time)|POST|/login
Wed Jan 04 2023 23:25:43 GMT+0700 (Indochina Time)|POST|/login
Wed Jan 04 2023 23:25:44 GMT+0700 (Indochina Time)|POST|/login
Wed Jan 04 2023 23:25:45 GMT+0700 (Indochina Time)|POST|/login
Wed Jan 04 2023 23:26:11 GMT+0700 (Indochina Time)|POST|/login
Wed Jan 04 2023 23:26:54 GMT+0700 (Indochina Time)|POST|/login
Wed Jan 04 2023 23:28:01 GMT+0700 (Indochina Time)|POST|/login
Wed Jan 04 2023 23:28:48 GMT+0700 (Indochina Time)|POST|/login
Wed Jan 04 2023 23:30:18 GMT+0700 (Indochina Time)|POST|/login
Wed Jan 04 2023 23:33:29 GMT+0700 (Indochina Time)|POST|/login
Thu Jan 05 2023 00:13:53 GMT+0700 (Indochina Time)|GET|/
Thu Jan 05 2023 00:16:03 GMT+0700 (Indochina Time)|GET|/
Thu Jan 05 2023 00:17:00 GMT+0700 (Indochina Time)|GET|/
Thu Jan 05 2023 00:17:25 GMT+0700 (Indochina Time)|GET|/
Thu Jan 05 2023 00:18:40 GMT+0700 (Indochina Time)|GET|/
Thu Jan 05 2023 00:18:44 GMT+0700 (Indochina Time)|GET|/login
Thu Jan 05 2023 00:21:40 GMT+0700 (Indochina Time)|GET|/
Thu Jan 05 2023 00:21:44 GMT+0700 (Indochina Time)|POST|/auth
Thu Jan 05 2023 00:27:30 GMT+0700 (Indochina Time)|POST|/auth
Thu Jan 05 2023 00:27:35 GMT+0700 (Indochina Time)|POST|/auth
Thu Jan 05 2023 00:27:35 GMT+0700 (Indochina Time)|GET|/user
Thu Jan 05 2023 00:28:21 GMT+0700 (Indochina Time)|GET|/user
Thu Jan 05 2023 00:28:25 GMT+0700 (Indochina Time)|GET|/user
Thu Jan 05 2023 00:28:25 GMT+0700 (Indochina Time)|GET|/user
Thu Jan 05 2023 00:28:25 GMT+0700 (Indochina Time)|GET|/user
Thu Jan 05 2023 00:28:26 GMT+0700 (Indochina Time)|GET|/user
Thu Jan 05 2023 00:28:26 GMT+0700 (Indochina Time)|GET|/user
Thu Jan 05 2023 00:28:27 GMT+0700 (Indochina Time)|GET|/user
Thu Jan 05 2023 00:28:28 GMT+0700 (Indochina Time)|GET|/
Thu Jan 05 2023 00:28:33 GMT+0700 (Indochina Time)|POST|/auth
Thu Jan 05 2023 00:28:33 GMT+0700 (Indochina Time)|GET|/user
Thu Jan 05 2023 00:29:02 GMT+0700 (Indochina Time)|GET|/status
Thu Jan 05 2023 00:29:07 GMT+0700 (Indochina Time)|POST|/login
Thu Jan 05 2023 00:29:22 GMT+0700 (Indochina Time)|POST|/auth
Thu Jan 05 2023 00:31:41 GMT+0700 (Indochina Time)|POST|/auth
Thu Jan 05 2023 00:32:22 GMT+0700 (Indochina Time)|POST|/auth
Thu Jan 05 2023 00:32:31 GMT+0700 (Indochina Time)|POST|/auth
Thu Jan 05 2023 00:38:03 GMT+0700 (Indochina Time)|POST|/auth
Thu Jan 05 2023 00:38:06 GMT+0700 (Indochina Time)|POST|/auth
Thu Jan 05 2023 00:38:07 GMT+0700 (Indochina Time)|POST|/auth
Thu Jan 05 2023 00:38:08 GMT+0700 (Indochina Time)|POST|/auth
Thu Jan 05 2023 00:38:21 GMT+0700 (Indochina Time)|GET|/user
Thu Jan 05 2023 00:38:24 GMT+0700 (Indochina Time)|GET|/
Thu Jan 05 2023 00:38:35 GMT+0700 (Indochina Time)|POST|/auth
Thu Jan 05 2023 00:40:18 GMT+0700 (Indochina Time)|GET|/
Thu Jan 05 2023 00:40:21 GMT+0700 (Indochina Time)|POST|/auth
Thu Jan 05 2023 00:40:28 GMT+0700 (Indochina Time)|POST|/auth
Thu Jan 05 2023 00:41:16 GMT+0700 (Indochina Time)|POST|/auth
Thu Jan 05 2023 00:42:11 GMT+0700 (Indochina Time)|GET|/
Thu Jan 05 2023 00:42:17 GMT+0700 (Indochina Time)|POST|/auth
Thu Jan 05 2023 00:42:17 GMT+0700 (Indochina Time)|GET|/user
Thu Jan 05 2023 00:42:30 GMT+0700 (Indochina Time)|GET|/auth
Thu Jan 05 2023 00:42:33 GMT+0700 (Indochina Time)|GET|/
Thu Jan 05 2023 00:42:40 GMT+0700 (Indochina Time)|POST|/auth
Thu Jan 05 2023 00:42:40 GMT+0700 (Indochina Time)|GET|/user
Thu Jan 05 2023 00:45:41 GMT+0700 (Indochina Time)|POST|/auth
Thu Jan 05 2023 00:46:39 GMT+0700 (Indochina Time)|POST|/auth
Thu Jan 05 2023 00:46:46 GMT+0700 (Indochina Time)|GET|/
Thu Jan 05 2023 00:46:56 GMT+0700 (Indochina Time)|POST|/auth
Thu Jan 05 2023 00:46:56 GMT+0700 (Indochina Time)|GET|/user
Thu Jan 05 2023 00:48:15 GMT+0700 (Indochina Time)|POST|/auth
Thu Jan 05 2023 00:48:24 GMT+0700 (Indochina Time)|POST|/auth
Thu Jan 05 2023 00:54:19 GMT+0700 (Indochina Time)|POST|/auth
Thu Jan 05 2023 00:54:39 GMT+0700 (Indochina Time)|POST|/auth
Thu Jan 05 2023 01:03:52 GMT+0700 (Indochina Time)|POST|/auth
Thu Jan 05 2023 01:03:55 GMT+0700 (Indochina Time)|POST|/auth
Thu Jan 05 2023 01:04:06 GMT+0700 (Indochina Time)|GET|/user
Thu Jan 05 2023 01:04:09 GMT+0700 (Indochina Time)|GET|/
Thu Jan 05 2023 01:04:18 GMT+0700 (Indochina Time)|POST|/auth
Thu Jan 05 2023 01:04:18 GMT+0700 (Indochina Time)|GET|/user
Thu Jan 05 2023 10:30:15 GMT+0700 (Indochina Time)|GET|/
Thu Jan 05 2023 10:30:21 GMT+0700 (Indochina Time)|GET|/login
Thu Jan 05 2023 10:30:24 GMT+0700 (Indochina Time)|POST|/auth
Thu Jan 05 2023 10:31:11 GMT+0700 (Indochina Time)|GET|/
Thu Jan 05 2023 10:31:13 GMT+0700 (Indochina Time)|GET|/login
Thu Jan 05 2023 10:31:15 GMT+0700 (Indochina Time)|POST|/auth
Thu Jan 05 2023 10:31:21 GMT+0700 (Indochina Time)|POST|/auth
Thu Jan 05 2023 10:31:21 GMT+0700 (Indochina Time)|GET|/user
Thu Jan 05 2023 10:31:25 GMT+0700 (Indochina Time)|GET|/
Thu Jan 05 2023 10:31:27 GMT+0700 (Indochina Time)|GET|/signup
Thu Jan 05 2023 10:40:58 GMT+0700 (Indochina Time)|GET|/
Thu Jan 05 2023 10:41:01 GMT+0700 (Indochina Time)|GET|/signup
Thu Jan 05 2023 10:41:22 GMT+0700 (Indochina Time)|GET|/
Thu Jan 05 2023 10:41:23 GMT+0700 (Indochina Time)|GET|/signup
Thu Jan 05 2023 10:41:34 GMT+0700 (Indochina Time)|GET|/signup
Thu Jan 05 2023 10:43:46 GMT+0700 (Indochina Time)|GET|/signup
Thu Jan 05 2023 10:43:52 GMT+0700 (Indochina Time)|POST|/signup
Thu Jan 05 2023 10:44:00 GMT+0700 (Indochina Time)|GET|/signup
Thu Jan 05 2023 10:44:02 GMT+0700 (Indochina Time)|POST|/signup/auth
Thu Jan 05 2023 10:46:01 GMT+0700 (Indochina Time)|GET|/signup/
Thu Jan 05 2023 10:46:13 GMT+0700 (Indochina Time)|POST|/signup/auth
Thu Jan 05 2023 10:46:47 GMT+0700 (Indochina Time)|GET|/
Thu Jan 05 2023 10:46:49 GMT+0700 (Indochina Time)|GET|/login
Thu Jan 05 2023 10:46:56 GMT+0700 (Indochina Time)|POST|/auth
Thu Jan 05 2023 10:47:13 GMT+0700 (Indochina Time)|POST|/auth
Thu Jan 05 2023 10:47:13 GMT+0700 (Indochina Time)|GET|/user
Thu Jan 05 2023 10:47:16 GMT+0700 (Indochina Time)|GET|/
Thu Jan 05 2023 10:47:18 GMT+0700 (Indochina Time)|GET|/signup
Thu Jan 05 2023 10:49:36 GMT+0700 (Indochina Time)|POST|/signup/auth
Thu Jan 05 2023 10:50:30 GMT+0700 (Indochina Time)|GET|/signup/auth
Thu Jan 05 2023 10:50:33 GMT+0700 (Indochina Time)|GET|/signup/
Thu Jan 05 2023 10:50:47 GMT+0700 (Indochina Time)|POST|/signup/auth
Thu Jan 05 2023 10:51:28 GMT+0700 (Indochina Time)|GET|/signup
Thu Jan 05 2023 10:51:34 GMT+0700 (Indochina Time)|POST|/signup/auth
Thu Jan 05 2023 10:52:39 GMT+0700 (Indochina Time)|GET|/signup
Thu Jan 05 2023 10:52:44 GMT+0700 (Indochina Time)|POST|/signup/auth
Thu Jan 05 2023 10:54:14 GMT+0700 (Indochina Time)|GET|/signup/
Thu Jan 05 2023 10:54:17 GMT+0700 (Indochina Time)|POST|/signup/auth
Thu Jan 05 2023 10:57:16 GMT+0700 (Indochina Time)|GET|/signup/
Thu Jan 05 2023 10:57:22 GMT+0700 (Indochina Time)|POST|/signup/auth
Thu Jan 05 2023 11:00:43 GMT+0700 (Indochina Time)|GET|/signup/
Thu Jan 05 2023 11:00:46 GMT+0700 (Indochina Time)|POST|/signup/auth
Thu Jan 05 2023 11:01:17 GMT+0700 (Indochina Time)|GET|/signup/
Thu Jan 05 2023 11:01:23 GMT+0700 (Indochina Time)|POST|/signup/auth
Thu Jan 05 2023 11:01:29 GMT+0700 (Indochina Time)|POST|/signup/auth
Thu Jan 05 2023 11:01:32 GMT+0700 (Indochina Time)|GET|/
Thu Jan 05 2023 11:01:34 GMT+0700 (Indochina Time)|GET|/login
Thu Jan 05 2023 11:01:37 GMT+0700 (Indochina Time)|POST|/auth
Thu Jan 05 2023 11:01:40 GMT+0700 (Indochina Time)|POST|/auth
Thu Jan 05 2023 11:01:40 GMT+0700 (Indochina Time)|GET|/user
Thu Jan 05 2023 20:22:42 GMT+0700 (Indochina Time)|GET|/user
Thu Jan 05 2023 20:22:42 GMT+0700 (Indochina Time)|GET|/favicon.ico
Thu Jan 05 2023 20:22:44 GMT+0700 (Indochina Time)|GET|/
Thu Jan 05 2023 20:22:47 GMT+0700 (Indochina Time)|GET|/signup
Thu Jan 05 2023 20:22:56 GMT+0700 (Indochina Time)|GET|/login
Thu Jan 05 2023 20:22:59 GMT+0700 (Indochina Time)|POST|/auth
Thu Jan 05 2023 20:22:59 GMT+0700 (Indochina Time)|GET|/user
Thu Jan 05 2023 20:23:15 GMT+0700 (Indochina Time)|GET|/user
Thu Jan 05 2023 20:24:37 GMT+0700 (Indochina Time)|GET|/user
Thu Jan 05 2023 20:24:40 GMT+0700 (Indochina Time)|GET|/
Thu Jan 05 2023 20:24:41 GMT+0700 (Indochina Time)|GET|/login
Thu Jan 05 2023 20:24:45 GMT+0700 (Indochina Time)|POST|/auth
Thu Jan 05 2023 20:24:45 GMT+0700 (Indochina Time)|GET|/user
Thu Jan 05 2023 20:24:47 GMT+0700 (Indochina Time)|GET|/user
Thu Jan 05 2023 20:24:53 GMT+0700 (Indochina Time)|GET|/
Thu Jan 05 2023 20:24:56 GMT+0700 (Indochina Time)|GET|/user
Thu Jan 05 2023 20:25:36 GMT+0700 (Indochina Time)|GET|/user
Thu Jan 05 2023 20:25:55 GMT+0700 (Indochina Time)|GET|/user
Thu Jan 05 2023 20:27:23 GMT+0700 (Indochina Time)|GET|/
Thu Jan 05 2023 20:27:24 GMT+0700 (Indochina Time)|GET|/login
Thu Jan 05 2023 20:27:28 GMT+0700 (Indochina Time)|POST|/auth
Thu Jan 05 2023 20:27:28 GMT+0700 (Indochina Time)|GET|/user
Thu Jan 05 2023 20:29:41 GMT+0700 (Indochina Time)|GET|/user
Thu Jan 05 2023 20:30:11 GMT+0700 (Indochina Time)|GET|/user
Thu Jan 05 2023 20:30:14 GMT+0700 (Indochina Time)|GET|/
Thu Jan 05 2023 20:30:16 GMT+0700 (Indochina Time)|GET|/login
Thu Jan 05 2023 20:30:19 GMT+0700 (Indochina Time)|POST|/auth
Thu Jan 05 2023 20:30:19 GMT+0700 (Indochina Time)|GET|/user
Thu Jan 05 2023 20:31:34 GMT+0700 (Indochina Time)|GET|/
Thu Jan 05 2023 20:31:35 GMT+0700 (Indochina Time)|GET|/login
Thu Jan 05 2023 20:31:39 GMT+0700 (Indochina Time)|POST|/auth
Thu Jan 05 2023 20:31:39 GMT+0700 (Indochina Time)|GET|/user
Thu Jan 05 2023 20:40:05 GMT+0700 (Indochina Time)|GET|/
Thu Jan 05 2023 20:40:06 GMT+0700 (Indochina Time)|GET|/signup
Thu Jan 05 2023 20:40:10 GMT+0700 (Indochina Time)|POST|/signup/auth
Thu Jan 05 2023 20:42:23 GMT+0700 (Indochina Time)|POST|/signup/auth
Thu Jan 05 2023 20:42:30 GMT+0700 (Indochina Time)|GET|/signup/auth
Thu Jan 05 2023 20:42:36 GMT+0700 (Indochina Time)|GET|/
Thu Jan 05 2023 20:42:43 GMT+0700 (Indochina Time)|GET|/login
Thu Jan 05 2023 20:42:53 GMT+0700 (Indochina Time)|POST|/auth
Thu Jan 05 2023 20:43:20 GMT+0700 (Indochina Time)|GET|/
Thu Jan 05 2023 20:43:21 GMT+0700 (Indochina Time)|GET|/login
Thu Jan 05 2023 20:43:26 GMT+0700 (Indochina Time)|POST|/auth
Thu Jan 05 2023 20:46:46 GMT+0700 (Indochina Time)|GET|/
Thu Jan 05 2023 20:46:49 GMT+0700 (Indochina Time)|GET|/login
Thu Jan 05 2023 20:46:52 GMT+0700 (Indochina Time)|POST|/auth
Thu Jan 05 2023 20:47:00 GMT+0700 (Indochina Time)|GET|/
Thu Jan 05 2023 20:47:01 GMT+0700 (Indochina Time)|GET|/login
Thu Jan 05 2023 20:47:04 GMT+0700 (Indochina Time)|POST|/auth
Thu Jan 05 2023 20:47:08 GMT+0700 (Indochina Time)|POST|/auth
Thu Jan 05 2023 20:47:11 GMT+0700 (Indochina Time)|POST|/auth
Thu Jan 05 2023 20:48:25 GMT+0700 (Indochina Time)|GET|/auth
Thu Jan 05 2023 20:48:27 GMT+0700 (Indochina Time)|GET|/
Thu Jan 05 2023 20:48:39 GMT+0700 (Indochina Time)|GET|/login
Thu Jan 05 2023 20:49:24 GMT+0700 (Indochina Time)|POST|/auth
Thu Jan 05 2023 20:51:31 GMT+0700 (Indochina Time)|GET|/
Thu Jan 05 2023 20:51:32 GMT+0700 (Indochina Time)|GET|/login
Thu Jan 05 2023 20:51:40 GMT+0700 (Indochina Time)|POST|/auth
Thu Jan 05 2023 20:52:19 GMT+0700 (Indochina Time)|GET|/
Thu Jan 05 2023 20:52:20 GMT+0700 (Indochina Time)|GET|/login
Thu Jan 05 2023 20:52:23 GMT+0700 (Indochina Time)|POST|/auth
Thu Jan 05 2023 20:56:19 GMT+0700 (Indochina Time)|GET|/
Thu Jan 05 2023 20:56:20 GMT+0700 (Indochina Time)|GET|/login
Thu Jan 05 2023 20:56:23 GMT+0700 (Indochina Time)|POST|/auth
Thu Jan 05 2023 20:57:36 GMT+0700 (Indochina Time)|GET|/
Thu Jan 05 2023 20:57:37 GMT+0700 (Indochina Time)|GET|/login
Thu Jan 05 2023 20:57:40 GMT+0700 (Indochina Time)|POST|/auth
Thu Jan 05 2023 21:01:26 GMT+0700 (Indochina Time)|GET|/login
Thu Jan 05 2023 21:01:29 GMT+0700 (Indochina Time)|POST|/auth
Thu Jan 05 2023 21:02:12 GMT+0700 (Indochina Time)|GET|/user
Thu Jan 05 2023 21:03:36 GMT+0700 (Indochina Time)|GET|/login
Thu Jan 05 2023 21:03:40 GMT+0700 (Indochina Time)|POST|/auth
Thu Jan 05 2023 21:03:40 GMT+0700 (Indochina Time)|GET|/user
Thu Jan 05 2023 21:04:06 GMT+0700 (Indochina Time)|GET|/user
Thu Jan 05 2023 21:04:12 GMT+0700 (Indochina Time)|GET|/user
Thu Jan 05 2023 21:04:19 GMT+0700 (Indochina Time)|GET|/login
Thu Jan 05 2023 21:04:22 GMT+0700 (Indochina Time)|POST|/auth
Thu Jan 05 2023 21:04:22 GMT+0700 (Indochina Time)|GET|/user
Thu Jan 05 2023 21:04:33 GMT+0700 (Indochina Time)|GET|/user
Thu Jan 05 2023 21:05:17 GMT+0700 (Indochina Time)|GET|/login
Thu Jan 05 2023 21:05:20 GMT+0700 (Indochina Time)|POST|/auth
Thu Jan 05 2023 21:16:59 GMT+0700 (Indochina Time)|GET|/
Thu Jan 05 2023 21:17:03 GMT+0700 (Indochina Time)|GET|/login
Thu Jan 05 2023 21:17:08 GMT+0700 (Indochina Time)|POST|/auth
Thu Jan 05 2023 21:17:08 GMT+0700 (Indochina Time)|GET|/user
Thu Jan 05 2023 21:17:16 GMT+0700 (Indochina Time)|GET|/login
Thu Jan 05 2023 21:17:18 GMT+0700 (Indochina Time)|POST|/auth
Thu Jan 05 2023 21:17:18 GMT+0700 (Indochina Time)|GET|/user
Thu Jan 05 2023 21:21:15 GMT+0700 (Indochina Time)|GET|/user
Thu Jan 05 2023 21:21:22 GMT+0700 (Indochina Time)|GET|/user
Thu Jan 05 2023 21:21:26 GMT+0700 (Indochina Time)|GET|/login
Thu Jan 05 2023 21:21:29 GMT+0700 (Indochina Time)|POST|/auth
Thu Jan 05 2023 21:21:30 GMT+0700 (Indochina Time)|GET|/user
Thu Jan 05 2023 21:21:33 GMT+0700 (Indochina Time)|GET|/user
Thu Jan 05 2023 21:21:35 GMT+0700 (Indochina Time)|GET|/user
Thu Jan 05 2023 21:21:36 GMT+0700 (Indochina Time)|GET|/user
Thu Jan 05 2023 21:21:37 GMT+0700 (Indochina Time)|GET|/user
Thu Jan 05 2023 21:22:12 GMT+0700 (Indochina Time)|GET|/
Thu Jan 05 2023 21:22:14 GMT+0700 (Indochina Time)|GET|/signup
Thu Jan 05 2023 21:22:23 GMT+0700 (Indochina Time)|POST|/signup/auth
Fri Jan 06 2023 10:36:52 GMT+0700 (Indochina Time)|GET|/user
Fri Jan 06 2023 10:37:07 GMT+0700 (Indochina Time)|GET|/login
Fri Jan 06 2023 10:37:12 GMT+0700 (Indochina Time)|POST|/auth
Fri Jan 06 2023 10:43:11 GMT+0700 (Indochina Time)|GET|/auth
Fri Jan 06 2023 10:43:40 GMT+0700 (Indochina Time)|GET|/login
Fri Jan 06 2023 10:43:43 GMT+0700 (Indochina Time)|POST|/auth
Fri Jan 06 2023 10:43:44 GMT+0700 (Indochina Time)|GET|/user
Fri Jan 06 2023 10:47:35 GMT+0700 (Indochina Time)|GET|/user
Fri Jan 06 2023 10:47:41 GMT+0700 (Indochina Time)|GET|/user
Fri Jan 06 2023 10:47:46 GMT+0700 (Indochina Time)|GET|/
Fri Jan 06 2023 10:48:04 GMT+0700 (Indochina Time)|GET|/
Fri Jan 06 2023 10:52:58 GMT+0700 (Indochina Time)|GET|/user
Fri Jan 06 2023 10:53:50 GMT+0700 (Indochina Time)|GET|/user
Fri Jan 06 2023 10:54:19 GMT+0700 (Indochina Time)|GET|/user
Fri Jan 06 2023 10:57:52 GMT+0700 (Indochina Time)|GET|/user
Fri Jan 06 2023 10:58:00 GMT+0700 (Indochina Time)|GET|/user
Fri Jan 06 2023 10:58:33 GMT+0700 (Indochina Time)|GET|/user
Fri Jan 06 2023 12:40:56 GMT+0700 (Indochina Time)|GET|/user
Fri Jan 06 2023 13:01:27 GMT+0700 (Indochina Time)|GET|/user
Fri Jan 06 2023 13:01:37 GMT+0700 (Indochina Time)|GET|/login
